=~=~=~=~=~=~=~=~=~=~=~= PuTTY log 2023.03.29 13:43:58 =~=~=~=~=~=~=~=~=~=~=~=
ets Jun  8 2016 00:22:57

rst:0x1 (POWERON_RESET),boot:0x13 (SPI_FAST_FLASH_BOOT)
configsip: 0, SPIWP:0xee
clk_drv:0x00,q_drv:0x00,d_drv:0x00,cs0_drv:0x00,hd_drv:0x00,wp_drv:0x00
mode:DIO, clock div:2
load:0x3fff0030,len:1184
load:0x40078000,len:13192
load:0x40080400,len:3028
entry 0x400805e4
[    50][E][esp32-hal-gpio.c:102] __pinMode(): Invalid pin selected
[..]Scanning for network...
[..]Scanning for network...
[+]Network found
[+]My IP address: 
10.2.43.121
[+]Gyroscope Initialized
[+]Altimeter initialized
Creating queues...
[+]Gyroscope data queue creation success
[+]Altimeter data queue creation success
[-]Filtered data queue creation failed!
[+]Flight states queue creation success
Creating tasks...
[+]Read-Altimeter task creation success
[+]Read-Gyroscope task creation success!
[+]Transmit task created success
[+]FSM task created success
[+]Counter task created successflight state received
POWERED FLIGHT:
1
[+]Gyro data ready for sending 

[..]Attempting MQTT connection...[+]Altimeter data ready for sending 
[-]Data not sent
[+]Gyro data ready for sending 
[+]Altimeter data ready for sending 
[-]Data not sent
[+]Gyro data ready for sending 
[+]Altimeter data ready for sending 
[-]Data not sent
[+]Gyro data ready for sending 
[+]Altimeter data ready for sending 
[-]Data not sent
[+]Gyro data ready for sending 
[+]Altimeter data ready for sending 
[-]Data not sent
[+]Gyro data ready for sending 
[+]Altimeter data ready for sending 
[-]Data not sent
[+]Gyro data ready for sending 
[+]Altimeter data ready for sending 
[-]Data not sent
[+]Gyro data ready for sending 
[+]Altimeter data ready for sending 
[-]Data not sent
[+]Gyro data ready for sending 
[+]Altimeter data ready for sending 
[-]Data not sent
[+]Gyro data ready for sending 
[+]Altimeter data ready for sending 
[-]Data not sent
[+]Gyro data ready for sending 
[+]Altimeter data ready for sending 
[-]Data not sent
[+]Gyro data ready for sending 
[+]Altimeter data ready for sending 
[-]Data not sent
[+]Gyro data ready for sending 
[+]Altimeter data ready for sending 
[-]Data not sent
[+]Gyro data ready for sending 
[+]Altimeter data ready for sending 
[-]Data not sent
[+]Gyro data ready for sending 
[+]Altimeter data ready for sending 
[-]Data not sent
[+]Gyro data ready for sending 
[+]Altimeter data ready for sending 
[-]Data not sent
[+]Gyro data ready for sending 
[+]Altimeter data ready for sending 
[-]Data not sent
[+]Gyro data ready for sending 
[+]Altimeter data ready for sending 
[-]Data not sent
[+]Gyro data ready for sending 
[+]Altimeter data ready for sending 
[-]Data not sent
[+]Gyro data ready for sending 
[+]Altimeter data ready for sending 
[-]Data not sent
[+]Gyro data ready for sending 
[+]Altimeter data ready for sending 
[-]Data not sent
[+]Gyro data ready for sending 
[+]Altimeter data ready for sending 
[-]Data not sent
[+]Gyro data ready for sending 
[+]Altimeter data ready for sending 
[-]Data not sent
[+]Gyro data ready for sending 
[+]Altimeter data ready for sending 
[-]Data not sent
[+]Gyro data ready for sending 
[+]Altimeter data ready for sending 
[-]Data not sent
[+]Gyro data ready for sending 
flight state received
COASTING:
2
[+]Altimeter data ready for sending 
[-]Data not sent
[+]Gyro data ready for sending 
[+]Altimeter data ready for sending 
[-]Data not sent
[+]Gyro data ready for sending 
[+]Altimeter data ready for sending 
[-]Data not sent
[+]Gyro data ready for sending 
[+]Altimeter data ready for sending 
[-]Data not sent
[+]Gyro data ready for sending 
[+]Altimeter data ready for sending 
[-]Data not sent
[+]Gyro data ready for sending 
[+]Altimeter data ready for sending 
[-]Data not sent
[+]Gyro data ready for sending 
[+]Altimeter data ready for sending 
[-]Data not sent
[+]Gyro data ready for sending 
[+]Altimeter data ready for sending 
[-]Data not sent
[+]Gyro data ready for sending 
[+]Altimeter data ready for sending 
[-]Data not sent
[+]Gyro data ready for sending 
[+]Altimeter data ready for sending 
[-]Data not sent
[+]Gyro data ready for sending 
[+]Altimeter data ready for sending 
[-]Data not sent
[+]Gyro data ready for sending 
[+]Altimeter data ready for sending 
[-]Data not sent
[+]Gyro data ready for sending 
[+]Altimeter data ready for sending 
[-]Data not sent
[+]Gyro data ready for sending 
[+]Altimeter data ready for sending 
[-]Data not sent
[+]Gyro data ready for sending 
[..]Attempting MQTT connection...[+]Altimeter data ready for sending 
[-]Data not sent
[+]Gyro data ready for sending 
[+]Altimeter data ready for sending 
[-]Data not sent
[+]Gyro data ready for sending 
[+]Altimeter data ready for sending 
[-]Data not sent
[+]Gyro data ready for sending 
[+]Altimeter data ready for sending 
[-]Data not sent
[+]Gyro data ready for sending 
[+]Altimeter data ready for sending 
[-]Data not sent
[+]Gyro data ready for sending 
[+]Altimeter data ready for sending 
[-]Data not sent
[+]Gyro data ready for sending 
[+]Altimeter data ready for sending 
[-]Data not sent
[+]Gyro data ready for sending 
[+]Altimeter data ready for sending 
[-]Data not sent
[+]Gyro data ready for sending 
[+]Altimeter data ready for sending 
[-]Data not sent
[+]Gyro data ready for sending 
[+]Altimeter data ready for sending 
[-]Data not sent
[+]Gyro data ready for sending 
[+]Altimeter data ready for sending 
[-]Data not sent
[+]Gyro data ready for sending 
[+]Altimeter data ready for sending 
[-]Data not sent
[+]Gyro data ready for sending 
flight state received
APOGEE:
3
[+]Altimeter data ready for sending 
[-]Data not sent
[+]Gyro data ready for sending 
[+]Altimeter data ready for sending 
[-]Data not sent
[+]Gyro data ready for sending 
[+]Altimeter data ready for sending 
[-]Data not sent
[+]Gyro data ready for sending 
[+]Altimeter data ready for sending 
[-]Data not sent
[+]Gyro data ready for sending 
[+]Altimeter data ready for sending 
[-]Data not sent
[+]Gyro data ready for sending 
[+]Altimeter data ready for sending 
[-]Data not sent
[+]Gyro data ready for sending 
[+]Altimeter data ready for sending 
[-]Data not sent
[+]Gyro data ready for sending 
[+]Altimeter data ready for sending 
[-]Data not sent
[+]Gyro data ready for sending 
[+]Altimeter data ready for sending 
[-]Data not sent
[+]Gyro data ready for sending 
[+]Altimeter data ready for sending 
[-]Data not sent
[+]Gyro data ready for sending 
[+]Altimeter data ready for sending 
[-]Data not sent
[+]Gyro data ready for sending 
[+]Altimeter data ready for sending 
[-]Data not sent
[+]Gyro data ready for sending 
[+]Altimeter data ready for sending 
[-]Data not sent
[+]Gyro data ready for sending 
[+]Altimeter data ready for sending 
[-]Data not sent
[+]Gyro data ready for sending 
[+]Altimeter data ready for sending 
[-]Data not sent
[+]Gyro data ready for sending 
[+]Altimeter data ready for sending 
[-]Data not sent
[+]Gyro data ready for sending 
[+]Altimeter data ready for sending 
[-]Data not sent
[+]Gyro data ready for sending 
[+]Altimeter data ready for sending 
[-]Data not sent
[+]Gyro data ready for sending 
[+]Altimeter data ready for sending 
[-]Data not sent
[+]Gyro data ready for sending 
[+]Altimeter data ready for sending 
[-]Data not sent
[+]Gyro data ready for sending 
[+]Altimeter data ready for sending 
[-]Data not sent
[+]Gyro data ready for sending 
[+]Altimeter data ready for sending 
[-]Data not sent
[+]Gyro data ready for sending 
[+]Altimeter data ready for sending 
[-]Data not sent
[+]Gyro data ready for sending 
[+]Altimeter data ready for sending 
[-]Data not sent
[+]Gyro data ready for sending 
[+]Altimeter data ready for sending 
[-]Data not sent
[+]Gyro data ready for sending 
[+]Altimeter data ready for sending 
[-]Data not sent
[+]Gyro data ready for sending 
flight state received
BALLISTIC DESCENT:
4
[..]Attempting MQTT connection...[+]Altimeter data ready for sending 
[-]Data not sent
[+]Gyro data ready for sending 
[+]Altimeter data ready for sending 
[-]Data not sent
[+]Gyro data ready for sending 
[+]Altimeter data ready for sending 
[-]Data not sent
[+]Gyro data ready for sending 
[+]Altimeter data ready for sending 
[-]Data not sent
[+]Gyro data ready for sending 
[+]Altimeter data ready for sending 
[-]Data not sent
[+]Gyro data ready for sending 
[+]Altimeter data ready for sending 
[-]Data not sent
[+]Gyro data ready for sending 
[+]Altimeter data ready for sending 
[-]Data not sent
[+]Gyro data ready for sending 
[+]Altimeter data ready for sending 
[-]Data not sent
[+]Gyro data ready for sending 
[+]Altimeter data ready for sending 
[-]Data not sent
[+]Gyro data ready for sending 
[+]Altimeter data ready for sending 
[-]Data not sent
[+]Gyro data ready for sending 
[+]Altimeter data ready for sending 
[-]Data not sent
[+]Gyro data ready for sending 
[+]Altimeter data ready for sending 
[-]Data not sent
[+]Gyro data ready for sending 
[+]Altimeter data ready for sending 
[-]Data not sent
[+]Gyro data ready for sending 
[+]Altimeter data ready for sending 
[-]Data not sent
[+]Gyro data ready for sending 
[+]Altimeter data ready for sending 
[-]Data not sent
[+]Gyro data ready for sending 
[+]Altimeter data ready for sending 
[-]Data not sent
[+]Gyro data ready for sending 
[+]Altimeter data ready for sending 
[-]Data not sent
[+]Gyro data ready for sending 
[+]Altimeter data ready for sending 
[-]Data not sent
[+]Gyro data ready for sending 
[+]Altimeter data ready for sending 
[-]Data not sent
[+]Gyro data ready for sending 
[+]Altimeter data ready for sending 
[-]Data not sent
[+]Gyro data ready for sending 
[+]Altimeter data ready for sending 
[-]Data not sent
[+]Gyro data ready for sending 
[+]Altimeter data ready for sending 
[-]Data not sent
[+]Gyro data ready for sending 
[+]Altimeter data ready for sending 
[-]Data not sent
[+]Gyro data ready for sending 
[+]Altimeter data ready for sending 
[-]Data not sent
[+]Gyro data ready for sending 
[+]Altimeter data ready for sending 
[-]Data not sent
[+]Gyro data ready for sending 
flight state received
PARACHUTE DEPLOY:
5
[+]Altimeter data ready for sending 
[-]Data not sent
[+]Gyro data ready for sending 
[+]Altimeter data ready for sending 
[-]Data not sent
[+]Gyro data ready for sending 
[+]Altimeter data ready for sending 
[-]Data not sent
[+]Gyro data ready for sending 
[+]Altimeter data ready for sending 
[-]Data not sent
[+]Gyro data ready for sending 
[+]Altimeter data ready for sending 
[-]Data not sent
[+]Gyro data ready for sending 
[+]Altimeter data ready for sending 
[-]Data not sent
[+]Gyro data ready for sending 
[+]Altimeter data ready for sending 
[-]Data not sent
[+]Gyro data ready for sending 
[+]Altimeter data ready for sending 
[-]Data not sent
[+]Gyro data ready for sending 
[+]Altimeter data ready for sending 
[-]Data not sent
[+]Gyro data ready for sending 
[+]Altimeter data ready for sending 
[-]Data not sent
[+]Gyro data ready for sending 
[+]Altimeter data ready for sending 
[-]Data not sent
[+]Gyro data ready for sending 
[+]Altimeter data ready for sending 
[-]Data not sent
[+]Gyro data ready for sending 
[+]Altimeter data ready for sending 
[-]Data not sent
[+]Gyro data ready for sending 
[+]Altimeter data ready for sending 
[-]Data not sent
[+]Gyro data ready for sending 
[..]Attempting MQTT connection...[+]Altimeter data ready for sending 
[-]Data not sent
[+]Gyro data ready for sending 
[+]Altimeter data ready for sending 
[-]Data not sent
[+]Gyro data ready for sending 
[+]Altimeter data ready for sending 
[-]Data not sent
[+]Gyro data ready for sending 
[+]Altimeter data ready for sending 
[-]Data not sent
[+]Gyro data ready for sending 
[+]Altimeter data ready for sending 
[-]Data not sent
[+]Gyro data ready for sending 
[+]Altimeter data ready for sending 
[-]Data not sent
[+]Gyro data ready for sending 
[+]Altimeter data ready for sending 
[-]Data not sent
[+]Gyro data ready for sending 
[+]Altimeter data ready for sending 
[-]Data not sent
[+]Gyro data ready for sending 
[+]Altimeter data ready for sending 
[-]Data not sent
[+]Gyro data ready for sending 
[+]Altimeter data ready for sending 
[-]Data not sent
[+]Gyro data ready for sending 
[+]Altimeter data ready for sending 
[-]Data not sent
[+]Gyro data ready for sending 
[+]Altimeter data ready for sending 
[-]Data not sent
[+]Gyro data ready for sending 
flight state received
POST FLIGHT:
6
[+]Altimeter data ready for sending 
[-]Data not sent
[+]Gyro data ready for sending 
[+]Altimeter data ready for sending 
[-]Data not sent
[+]Gyro data ready for sending 
[+]Altimeter data ready for sending 
[-]Data not sent
[+]Gyro data ready for sending 
[+]Altimeter data ready for sending 
[-]Data not sent
[+]Gyro data ready for sending 
[+]Altimeter data ready for sending 
[-]Data not sent
[+]Gyro data ready for sending 
[+]Altimeter data ready for sending 
[-]Data not sent
[+]Gyro data ready for sending 
[+]Altimeter data ready for sending 
[-]Data not sent
[+]Gyro data ready for sending 
[+]Altimeter data ready for sending 
[-]Data not sent
[+]Gyro data ready for sending 
[+]Altimeter data ready for sending 
[-]Data not sent
[+]Gyro data ready for sending 
[+]Altimeter data ready for sending 
[-]Data not sent
[+]Gyro data ready for sending 
[+]Altimeter data ready for sending 
[-]Data not sent
[+]Gyro data ready for sending 
[+]Altimeter data ready for sending 
[-]Data not sent
[+]Gyro data ready for sending 
[+]Altimeter data ready for sending 
[-]Data not sent
[+]Gyro data ready for sending 
[+]Altimeter data ready for sending 
[-]Data not sent
[+]Gyro data ready for sending 
[+]Altimeter data ready for sending 
[-]Data not sent
[+]Gyro data ready for sending 
[+]Altimeter data ready for sending 
[-]Data not sent
[+]Gyro data ready for sending 
[+]Altimeter data ready for sending 
[-]Data not sent
[+]Gyro data ready for sending 
[+]Altimeter data ready for sending 
[-]Data not sent
[+]Gyro data ready for sending 
[+]Altimeter data ready for sending 
[-]Data not sent
[+]Gyro data ready for sending 
[+]Altimeter data ready for sending 
[-]Data not sent
[+]Gyro data ready for sending 
[+]Altimeter data ready for sending 
[-]Data not sent
[+]Gyro data ready for sending 
[+]Altimeter data ready for sending 
[-]Data not sent
[+]Gyro data ready for sending 
[+]Altimeter data ready for sending 
[-]Data not sent
[+]Gyro data ready for sending 
[+]Altimeter data ready for sending 
[-]Data not sent
[+]Gyro data ready for sending 
[+]Altimeter data ready for sending 
[-]Data not sent
[+]Gyro data ready for sending 
[+]Altimeter data ready for sending 
[-]Data not sent
[+]Gyro data ready for sending 
flight state received
[..]Attempting MQTT connection...[+]Altimeter data ready for sending 
[-]Data not sent
[+]Gyro data ready for sending 
[+]Altimeter data ready for sending 
[-]Data not sent
[+]Gyro data ready for sending 
[+]Altimeter data ready for sending 
[-]Data not sent
[+]Gyro data ready for sending 
[+]Altimeter data ready for sending 
[-]Data not sent
[+]Gyro data ready for sending 
[+]Altimeter data ready for sending 
[-]Data not sent
[+]Gyro data ready for sending 
[+]Altimeter data ready for sending 
[-]Data not sent
[+]Gyro data ready for sending 
[+]Altimeter data ready for sending 
[-]Data not sent
[+]Gyro data ready for sending 
[+]Altimeter data ready for sending 
[-]Data not sent
[+]Gyro data ready for sending 
[+]Altimeter data ready for sending 
[-]Data not sent
[+]Gyro data ready for sending 
[+]Altimeter data ready for sending 
[-]Data not sent
[+]Gyro data ready for sending 
[+]Altimeter data ready for sending 
[-]Data not sent
[+]Gyro data ready for sending 
[+]Altimeter data ready for sending 
[-]Data not sent
[+]Gyro data ready for sending 
[+]Altimeter data ready for sending 
[-]Data not sent
[+]Gyro data ready for sending 
[+]Altimeter data ready for sending 
[-]Data not sent
[+]Gyro data ready for sending 
[+]Altimeter data ready for sending 
[-]Data not sent
[+]Gyro data ready for sending 
[+]Altimeter data ready for sending 
[-]Data not sent
[+]Gyro data ready for sending 
[+]Altimeter data ready for sending 
[-]Data not sent
[+]Gyro data ready for sending 
[+]Altimeter data ready for sending 
[-]Data not sent
[+]Gyro data ready for sending 
[+]Altimeter data ready for sending 
[-]Data not sent
[+]Gyro data ready for sending 
[+]Altimeter data ready for sending 
[-]Data not sent
[+]Gyro data ready for sending 
[+]Altimeter data ready for sending 
[-]Data not sent
[+]Gyro data ready for sending 
[+]Altimeter data ready for sending 
[-]Data not sent
[+]Gyro data ready for sending 
[+]Altimeter data ready for sending 
[-]Data not sent
[+]Gyro data ready for sending 
[+]Altimeter data ready for sending 
[-]Data not sent
[+]Gyro data ready for sending 
[+]Altimeter data ready for sending 
[-]Data not sent
[+]Gyro data ready for sending 
flight state received
[+]Altimeter data ready for sending 
[-]Data not sent
[+]Gyro data ready for sending 
[+]Altimeter data ready for sending 
[-]Data not sent
[+]Gyro data ready for sending 
[+]Altimeter data ready for sending 
[-]Data not sent
[+]Gyro data ready for sending 
[+]Altimeter data ready for sending 
[-]Data not sent
[+]Gyro data ready for sending 
[+]Altimeter data ready for sending 
[-]Data not sent
[+]Gyro data ready for sending 
[+]Altimeter data ready for sending 
[-]Data not sent
[+]Gyro data ready for sending 
[+]Altimeter data ready for sending 
[-]Data not sent
[+]Gyro data ready for sending 
[+]Altimeter data ready for sending 
[-]Data not sent
[+]Gyro data ready for sending 
[+]Altimeter data ready for sending 
[-]Data not sent
[+]Gyro data ready for sending 
[+]Altimeter data ready for sending 
[-]Data not sent
[+]Gyro data ready for sending 
[+]Altimeter data ready for sending 
[-]Data not sent
[+]Gyro data ready for sending 
[+]Altimeter data ready for sending 
[-]Data not sent
[+]Gyro data ready for sending 
[+]Altimeter data ready for sending 
[-]Data not sent
[+]Gyro data ready for sending 
[+]Altimeter data ready for sending 
[-]Data not sent
[+]Gyro data ready for sending 
[..]Attempting MQTT connection...[+]Altimeter data ready for sending 
[-]Data not sent
[+]Gyro data ready for sending 
[+]Altimeter data ready for sending 
[-]Data not sent
[+]Gyro data ready for sending 
[+]Altimeter data ready for sending 
[-]Data not sent
[+]Gyro data ready for sending 
[+]Altimeter data ready for sending 
[-]Data not sent
[+]Gyro data ready for sending 
[+]Altimeter data ready for sending 
[-]Data not sent
[+]Gyro data ready for sending 
[+]Altimeter data ready for sending 
[-]Data not sent
[+]Gyro data ready for sending 
[+]Altimeter data ready for sending 
[-]Data not sent
[+]Gyro data ready for sending 
[+]Altimeter data ready for sending 
[-]Data not sent
[+]Gyro data ready for sending 
[+]Altimeter data ready for sending 
[-]Data not sent
[+]Gyro data ready for sending 
[+]Altimeter data ready for sending 
[-]Data not sent
[+]Gyro data ready for sending 
[+]Altimeter data ready for sending 
[-]Data not sent
[+]Gyro data ready for sending 
[+]Altimeter data ready for sending 
[-]Data not sent
[+]Gyro data ready for sending 
flight state received
[+]Altimeter data ready for sending 
[-]Data not sent
[+]Gyro data ready for sending 
[+]Altimeter data ready for sending 
[-]Data not sent
[+]Gyro data ready for sending 
[+]Altimeter data ready for sending 
[-]Data not sent
[+]Gyro data ready for sending 
[+]Altimeter data ready for sending 
[-]Data not sent
[+]Gyro data ready for sending 
[+]Altimeter data ready for sending 
[-]Data not sent
[+]Gyro data ready for sending 
[+]Altimeter data ready for sending 
[-]Data not sent
[+]Gyro data ready for sending 
[+]Altimeter data ready for sending 
[-]Data not sent
[+]Gyro data ready for sending 
[+]Altimeter data ready for sending 
[-]Data not sent
[+]Gyro data ready for sending 
[+]Altimeter data ready for sending 
[-]Data not sent
[+]Gyro data ready for sending 
[+]Altimeter data ready for sending 
[-]Data not sent
[+]Gyro data ready for sending 
[+]Altimeter data ready for sending 
[-]Data not sent
[+]Gyro data ready for sending 
[+]Altimeter data ready for sending 
[-]Data not sent
[+]Gyro data ready for sending 
[+]Altimeter data ready for sending 
[-]Data not sent
[+]Gyro data ready for sending 
[+]Altimeter data ready for sending 
[-]Data not sent
[+]Gyro data ready for sending 
[+]Altimeter data ready for sending 
[-]Data not sent
[+]Gyro data ready for sending 
[+]Altimeter data ready for sending 
[-]Data not sent
[+]Gyro data ready for sending 
[+]Altimeter data ready for sending 
[-]Data not sent
[+]Gyro data ready for sending 
[+]Altimeter data ready for sending 
[-]Data not sent
[+]Gyro data ready for sending 
[+]Altimeter data ready for sending 
[-]Data not sent
[+]Gyro data ready for sending 
[+]Altimeter data ready for sending 
[-]Data not sent
[+]Gyro data ready for sending 
[+]Altimeter data ready for sending 
[-]Data not sent
[+]Gyro data ready for sending 
[+]Altimeter data ready for sending 
[-]Data not sent
[+]Gyro data ready for sending 
[+]Altimeter data ready for sending 
[-]Data not sent
[+]Gyro data ready for sending 
[+]Altimeter data ready for sending 
[-]Data not sent
[+]Gyro data ready for sending 
[+]Altimeter data ready for sending 
[-]Data not sent
[+]Gyro data ready for sending 
flight state received
[+]Altimeter data ready for sending 
[-]Data not sent
[+]Gyro data ready for sending 
[..]Attempting MQTT connection...[+]Altimeter data ready for sending 
[-]Data not sent
[+]Gyro data ready for sending 
[+]Altimeter data ready for sending 
[-]Data not sent
[+]Gyro data ready for sending 
[+]Altimeter data ready for sending 
[-]Data not sent
[+]Gyro data ready for sending 
[+]Altimeter data ready for sending 
[-]Data not sent
[+]Gyro data ready for sending 
[+]Altimeter data ready for sending 
[-]Data not sent
[+]Gyro data ready for sending 
[+]Altimeter data ready for sending 
[-]Data not sent
[+]Gyro data ready for sending 
[+]Altimeter data ready for sending 
[-]Data not sent
[+]Gyro data ready for sending 
[+]Altimeter data ready for sending 
[-]Data not sent
[+]Gyro data ready for sending 
[+]Altimeter data ready for sending 
[-]Data not sent
[+]Gyro data ready for sending 
[+]Altimeter data ready for sending 
[-]Data not sent
[+]Gyro data ready for sending 
[+]Altimeter data ready for sending 
[-]Data not sent
[+]Gyro data ready for sending 
[+]Altimeter data ready for sending 
[-]Data not sent
[+]Gyro data ready for sending 
[+]Altimeter data ready for sending 
[-]Data not sent
[+]Gyro data ready for sending 
[+]Altimeter data ready for sending 
[-]Data not sent
[+]Gyro data ready for sending 
[+]Altimeter data ready for sending 
[-]Data not sent
[+]Gyro data ready for sending 
[+]Altimeter data ready for sending 
[-]Data not sent
[+]Gyro data ready for sending 
[